<?xml version="1.0" encoding="UTF-8"?>
<testng-results skipped="0" failed="1" ignored="0" total="2" passed="1">
  <reporter-output>
  </reporter-output>
  <suite name="Default suite" duration-ms="139616" started-at="2021-02-04T09:45:16Z" finished-at="2021-02-04T09:47:36Z">
    <groups>
    </groups>
    <test name="Default test" duration-ms="139616" started-at="2021-02-04T09:45:16Z" finished-at="2021-02-04T09:47:36Z">
      <class name="com.main.test.Click_Image_Profile_Assert">
        <test-method status="PASS" signature="initiate_launch()[pri:0, instance:com.main.test.Click_Image_Profile_Assert@eec5a4a]" name="initiate_launch" is-config="true" duration-ms="409" started-at="2021-02-04T09:45:16Z" finished-at="2021-02-04T09:45:17Z">
          <reporter-output>
          </reporter-output>
        </test-method> <!-- initiate_launch -->
        <test-method status="PASS" signature="LaunchURL()[pri:0, instance:com.main.test.Click_Image_Profile_Assert@eec5a4a]" name="LaunchURL" is-config="true" duration-ms="19675" started-at="2021-02-04T09:45:18Z" finished-at="2021-02-04T09:45:38Z">
          <reporter-output>
          </reporter-output>
        </test-method> <!-- LaunchURL -->
        <test-method status="PASS" signature="navigatetoScoll(java.lang.String, java.lang.String)[pri:1, instance:com.main.test.Click_Image_Profile_Assert@eec5a4a]" name="navigatetoScoll" duration-ms="21949" started-at="2021-02-04T09:45:38Z" data-provider="DataShare" finished-at="2021-02-04T09:46:00Z">
          <params>
            <param index="0">
              <value>
                <![CDATA[rastogiapoorv17@gmail.com]]>
              </value>
            </param>
            <param index="1">
              <value>
                <![CDATA[Welcome123]]>
              </value>
            </param>
          </params>
          <reporter-output>
          </reporter-output>
        </test-method> <!-- navigatetoScoll -->
        <test-method status="PASS" signature="tearDown(org.testng.ITestResult)[pri:0, instance:com.main.test.Click_Image_Profile_Assert@eec5a4a]" name="tearDown" is-config="true" duration-ms="255" started-at="2021-02-04T09:46:00Z" finished-at="2021-02-04T09:46:00Z">
          <params>
            <param index="0">
              <value>
                <![CDATA[[TestResult name=navigatetoScoll status=SUCCESS method=Click_Image_Profile_Assert.navigatetoScoll(java.lang.String, java.lang.String)[pri:1, instance:com.main.test.Click_Image_Profile_Assert@eec5a4a] output={null}]]]>
              </value>
            </param>
          </params>
          <reporter-output>
          </reporter-output>
        </test-method> <!-- tearDown -->
        <test-method status="PASS" signature="LaunchURL()[pri:0, instance:com.main.test.Click_Image_Profile_Assert@eec5a4a]" name="LaunchURL" is-config="true" duration-ms="8210" started-at="2021-02-04T09:46:00Z" finished-at="2021-02-04T09:46:08Z">
          <reporter-output>
          </reporter-output>
        </test-method> <!-- LaunchURL -->
        <test-method status="FAIL" signature="clickTest(java.lang.String, java.lang.String)[pri:2, instance:com.main.test.Click_Image_Profile_Assert@eec5a4a]" name="clickTest" duration-ms="85906" started-at="2021-02-04T09:46:08Z" data-provider="DataShare" finished-at="2021-02-04T09:47:34Z">
          <params>
            <param index="0">
              <value>
                <![CDATA[rastogiapoorv17@gmail.com]]>
              </value>
            </param>
            <param index="1">
              <value>
                <![CDATA[Welcome123]]>
              </value>
            </param>
          </params>
          <exception class="org.openqa.selenium.NoSuchElementException">
            <message>
              <![CDATA[no such element: Unable to locate element: {"method":"xpath","selector":"//div[@class='addon-info-action addon-info-btn blue ng-binding ng-scope']"}
  (Session info: chrome=88.0.4324.104)
For documentation on this error, please visit: https://www.seleniumhq.org/exceptions/no_such_element.html
Build info: version: '3.141.59', revision: 'e82be7d358', time: '2018-11-14T08:17:03'
System info: host: 'LP-5CD6518TWJ', ip: '192.168.100.7', os.name: 'Windows 10', os.arch: 'amd64', os.version: '10.0', java.version: '1.8.0_241'
Driver info: org.openqa.selenium.chrome.ChromeDriver
Capabilities {acceptInsecureCerts: false, browserName: chrome, browserVersion: 88.0.4324.104, chrome: {chromedriverVersion: 88.0.4324.96 (68dba2d8a0b14..., userDataDir: C:\Users\apoorv.r\AppData\L...}, goog:chromeOptions: {debuggerAddress: localhost:61582}, javascriptEnabled: true, networkConnectionEnabled: false, pageLoadStrategy: normal, platform: WINDOWS, platformName: WINDOWS, proxy: Proxy(), setWindowRect: true, strictFileInteractability: false, timeouts: {implicit: 0, pageLoad: 300000, script: 30000}, unhandledPromptBehavior: dismiss and notify, webauthn:extension:largeBlob: true, webauthn:virtualAuthenticators: true}
Session ID: 70a39a3866a89e8946f4e45b358a2697
*** Element info: {Using=xpath, value=//div[@class='addon-info-action addon-info-btn blue ng-binding ng-scope']}]]>
            </message>
            <full-stacktrace>
              <![CDATA[org.openqa.selenium.NoSuchElementException: no such element: Unable to locate element: {"method":"xpath","selector":"//div[@class='addon-info-action addon-info-btn blue ng-binding ng-scope']"}
  (Session info: chrome=88.0.4324.104)
For documentation on this error, please visit: https://www.seleniumhq.org/exceptions/no_such_element.html
Build info: version: '3.141.59', revision: 'e82be7d358', time: '2018-11-14T08:17:03'
System info: host: 'LP-5CD6518TWJ', ip: '192.168.100.7', os.name: 'Windows 10', os.arch: 'amd64', os.version: '10.0', java.version: '1.8.0_241'
Driver info: org.openqa.selenium.chrome.ChromeDriver
Capabilities {acceptInsecureCerts: false, browserName: chrome, browserVersion: 88.0.4324.104, chrome: {chromedriverVersion: 88.0.4324.96 (68dba2d8a0b14..., userDataDir: C:\Users\apoorv.r\AppData\L...}, goog:chromeOptions: {debuggerAddress: localhost:61582}, javascriptEnabled: true, networkConnectionEnabled: false, pageLoadStrategy: normal, platform: WINDOWS, platformName: WINDOWS, proxy: Proxy(), setWindowRect: true, strictFileInteractability: false, timeouts: {implicit: 0, pageLoad: 300000, script: 30000}, unhandledPromptBehavior: dismiss and notify, webauthn:extension:largeBlob: true, webauthn:virtualAuthenticators: true}
Session ID: 70a39a3866a89e8946f4e45b358a2697
*** Element info: {Using=xpath, value=//div[@class='addon-info-action addon-info-btn blue ng-binding ng-scope']}
at sun.reflect.NativeConstructorAccessorImpl.newInstance0(Native Method)
at sun.reflect.NativeConstructorAccessorImpl.newInstance(NativeConstructorAccessorImpl.java:62)
at sun.reflect.DelegatingConstructorAccessorImpl.newInstance(DelegatingConstructorAccessorImpl.java:45)
at java.lang.reflect.Constructor.newInstance(Constructor.java:423)
at org.openqa.selenium.remote.http.W3CHttpResponseCodec.createException(W3CHttpResponseCodec.java:187)
at org.openqa.selenium.remote.http.W3CHttpResponseCodec.decode(W3CHttpResponseCodec.java:122)
at org.openqa.selenium.remote.http.W3CHttpResponseCodec.decode(W3CHttpResponseCodec.java:49)
at org.openqa.selenium.remote.HttpCommandExecutor.execute(HttpCommandExecutor.java:158)
at org.openqa.selenium.remote.service.DriverCommandExecutor.execute(DriverCommandExecutor.java:83)
at org.openqa.selenium.remote.RemoteWebDriver.execute(RemoteWebDriver.java:552)
at org.openqa.selenium.remote.RemoteWebDriver.findElement(RemoteWebDriver.java:323)
at org.openqa.selenium.remote.RemoteWebDriver.findElementByXPath(RemoteWebDriver.java:428)
at org.openqa.selenium.By$ByXPath.findElement(By.java:353)
at org.openqa.selenium.remote.RemoteWebDriver.findElement(RemoteWebDriver.java:315)
at com.main.pages.HomePage.image_Comapre_Install(HomePage.java:59)
at com.main.test.Click_Image_Profile_Assert.clickTest(Click_Image_Profile_Assert.java:95)
at sun.reflect.NativeMethodAccessorImpl.invoke0(Native Method)
at sun.reflect.NativeMethodAccessorImpl.invoke(NativeMethodAccessorImpl.java:62)
at sun.reflect.DelegatingMethodAccessorImpl.invoke(DelegatingMethodAccessorImpl.java:43)
at java.lang.reflect.Method.invoke(Method.java:498)
at org.testng.internal.MethodInvocationHelper.invokeMethod(MethodInvocationHelper.java:124)
at org.testng.internal.Invoker.invokeMethod(Invoker.java:583)
at org.testng.internal.Invoker.invokeTestMethod(Invoker.java:719)
at org.testng.internal.Invoker.invokeTestMethods(Invoker.java:989)
at org.testng.internal.TestMethodWorker.invokeTestMethods(TestMethodWorker.java:125)
at org.testng.internal.TestMethodWorker.run(TestMethodWorker.java:109)
at org.testng.TestRunner.privateRun(TestRunner.java:648)
at org.testng.TestRunner.run(TestRunner.java:505)
at org.testng.SuiteRunner.runTest(SuiteRunner.java:455)
at org.testng.SuiteRunner.runSequentially(SuiteRunner.java:450)
at org.testng.SuiteRunner.privateRun(SuiteRunner.java:415)
at org.testng.SuiteRunner.run(SuiteRunner.java:364)
at org.testng.SuiteRunnerWorker.runSuite(SuiteRunnerWorker.java:52)
at org.testng.SuiteRunnerWorker.run(SuiteRunnerWorker.java:84)
at org.testng.TestNG.runSuitesSequentially(TestNG.java:1208)
at org.testng.TestNG.runSuitesLocally(TestNG.java:1137)
at org.testng.TestNG.runSuites(TestNG.java:1049)
at org.testng.TestNG.run(TestNG.java:1017)
at org.testng.remote.AbstractRemoteTestNG.run(AbstractRemoteTestNG.java:115)
at org.testng.remote.RemoteTestNG.initAndRun(RemoteTestNG.java:251)
at org.testng.remote.RemoteTestNG.main(RemoteTestNG.java:77)
]]>
            </full-stacktrace>
          </exception> <!-- org.openqa.selenium.NoSuchElementException -->
          <reporter-output>
          </reporter-output>
        </test-method> <!-- clickTest -->
        <test-method status="PASS" signature="tearDown(org.testng.ITestResult)[pri:0, instance:com.main.test.Click_Image_Profile_Assert@eec5a4a]" name="tearDown" is-config="true" duration-ms="621" started-at="2021-02-04T09:47:34Z" finished-at="2021-02-04T09:47:35Z">
          <params>
            <param index="0">
              <value>
                <![CDATA[[TestResult name=clickTest status=FAILURE method=Click_Image_Profile_Assert.clickTest(java.lang.String, java.lang.String)[pri:2, instance:com.main.test.Click_Image_Profile_Assert@eec5a4a] output={null}]]]>
              </value>
            </param>
          </params>
          <reporter-output>
          </reporter-output>
        </test-method> <!-- tearDown -->
        <test-method status="PASS" signature="flushReport()[pri:0, instance:com.main.test.Click_Image_Profile_Assert@eec5a4a]" name="flushReport" is-config="true" duration-ms="1022" started-at="2021-02-04T09:47:35Z" finished-at="2021-02-04T09:47:36Z">
          <reporter-output>
          </reporter-output>
        </test-method> <!-- flushReport -->
      </class> <!-- com.main.test.Click_Image_Profile_Assert -->
    </test> <!-- Default test -->
  </suite> <!-- Default suite -->
</testng-results>
